android/app/build/intermediates/manifest_merge_blame_file/debug/manifest-merger-blame-debug-report.txt
1<?xml version="1.0" encoding="utf-8"?>
2<manifest xmlns:android="http://schemas.android.com/apk/res/android"
3    package="com.romadmin.app"
4    android:versionCode="1"
5    android:versionName="1.0.0" >
6
7    <uses-sdk
8        android:minSdkVersion="31"
9        android:targetSdkVersion="33" />
10
11    <uses-permission android:name="android.permission.INTERNET" />
11-->src/main/AndroidManifest.xml:5:5-67
11-->src/main/AndroidManifest.xml:5:22-64
12    <uses-permission android:name="android.permission.ACCESS_NETWORK_STATE" />
12-->src/main/AndroidManifest.xml:6:5-79
12-->src/main/AndroidManifest.xml:6:22-76
13    <uses-permission android:name="android.permission.MANAGE_EXTERNAL_STORAGE" />
13-->src/main/AndroidManifest.xml:7:5-8:40
13-->src/main/AndroidManifest.xml:7:22-79
14    <uses-permission android:name="android.permission.READ_EXTERNAL_STORAGE" />
14-->src/main/AndroidManifest.xml:9:5-80
14-->src/main/AndroidManifest.xml:9:22-77
15    <uses-permission android:name="android.permission.WRITE_EXTERNAL_STORAGE" />
15-->src/main/AndroidManifest.xml:10:5-81
15-->src/main/AndroidManifest.xml:10:22-78
16    <uses-permission android:name="android.permission.FOREGROUND_SERVICE" />
16-->src/main/AndroidManifest.xml:11:5-77
16-->src/main/AndroidManifest.xml:11:22-74
17    <uses-permission android:name="android.permission.FOREGROUND_SERVICE_DATA_SYNC" />
17-->src/main/AndroidManifest.xml:12:5-87
17-->src/main/AndroidManifest.xml:12:22-84
18    <uses-permission android:name="android.permission.POST_NOTIFICATIONS" />
18-->src/main/AndroidManifest.xml:13:5-77
18-->src/main/AndroidManifest.xml:13:22-74
19    <uses-permission android:name="android.permission.REQUEST_IGNORE_BATTERY_OPTIMIZATIONS" />
19-->src/main/AndroidManifest.xml:14:5-95
19-->src/main/AndroidManifest.xml:14:22-92
20    <uses-permission android:name="android.permission.WAKE_LOCK" />
20-->[androidx.work:work-runtime:2.9.0] AndroidManifest.xml:23:5-68
20-->[androidx.work:work-runtime:2.9.0] AndroidManifest.xml:23:22-65
21    <uses-permission android:name="android.permission.RECEIVE_BOOT_COMPLETED" />
21-->[androidx.work:work-runtime:2.9.0] AndroidManifest.xml:25:5-81
21-->[androidx.work:work-runtime:2.9.0] AndroidManifest.xml:25:22-78
22
23    <permission
23-->[androidx.core:core:1.12.0] AndroidManifest.xml:22:5-24:47
24        android:name="com.romadmin.app.DYNAMIC_RECEIVER_NOT_EXPORTED_PERMISSION"
24-->[androidx.core:core:1.12.0] AndroidManifest.xml:23:9-81
25        android:protectionLevel="signature" />
25-->[androidx.core:core:1.12.0] AndroidManifest.xml:24:9-44
26
27    <uses-permission android:name="com.romadmin.app.DYNAMIC_RECEIVER_NOT_EXPORTED_PERMISSION" />
27-->[androidx.core:core:1.12.0] AndroidManifest.xml:26:5-97
27-->[androidx.core:core:1.12.0] AndroidManifest.xml:26:22-94
28
29    <application
29-->src/main/AndroidManifest.xml:16:5-53:19
30        android:name="com.romadmin.app.RomAdminApp"
30-->src/main/AndroidManifest.xml:17:9-36
31        android:allowBackup="true"
31-->src/main/AndroidManifest.xml:18:9-35
32        android:appComponentFactory="androidx.core.app.CoreComponentFactory"
32-->[androidx.core:core:1.12.0] AndroidManifest.xml:28:18-86
33        android:debuggable="true"
34        android:extractNativeLibs="false"
35        android:icon="@mipmap/ic_launcher"
35-->src/main/AndroidManifest.xml:19:9-43
36        android:label="RomAdmin"
36-->src/main/AndroidManifest.xml:20:9-33
37        android:networkSecurityConfig="@xml/network_security_config"
37-->src/main/AndroidManifest.xml:23:9-69
38        android:requestLegacyExternalStorage="true"
38-->src/main/AndroidManifest.xml:21:9-52
39        android:supportsRtl="true"
39-->src/main/AndroidManifest.xml:22:9-35
40        android:theme="@style/Theme.RomAdmin" >
40-->src/main/AndroidManifest.xml:24:9-46
41        <activity
41-->src/main/AndroidManifest.xml:27:9-35:20
42            android:name="com.romadmin.app.MainActivity"
42-->src/main/AndroidManifest.xml:28:13-41
43            android:exported="true"
43-->src/main/AndroidManifest.xml:29:13-36
44            android:theme="@style/Theme.RomAdmin" >
44-->src/main/AndroidManifest.xml:30:13-50
45            <intent-filter>
45-->src/main/AndroidManifest.xml:31:13-34:29
46                <action android:name="android.intent.action.MAIN" />
46-->src/main/AndroidManifest.xml:32:17-69
46-->src/main/AndroidManifest.xml:32:25-66
47
48                <category android:name="android.intent.category.LAUNCHER" />
48-->src/main/AndroidManifest.xml:33:17-77
48-->src/main/AndroidManifest.xml:33:27-74
49            </intent-filter>
50        </activity>
51
52        <service
52-->src/main/AndroidManifest.xml:37:9-40:34
53            android:name="androidx.work.impl.foreground.SystemForegroundService"
53-->src/main/AndroidManifest.xml:38:13-81
54            android:directBootAware="false"
54-->[androidx.work:work-runtime:2.9.0] AndroidManifest.xml:55:13-44
55            android:enabled="@bool/enable_system_foreground_service_default"
55-->[androidx.work:work-runtime:2.9.0] AndroidManifest.xml:56:13-77
56            android:exported="false"
56-->[androidx.work:work-runtime:2.9.0] AndroidManifest.xml:57:13-37
57            android:foregroundServiceType="dataSync" />
57-->src/main/AndroidManifest.xml:39:13-53
58
59        <provider
60            android:name="androidx.startup.InitializationProvider"
60-->src/main/AndroidManifest.xml:43:13-67
61            android:authorities="com.romadmin.app.androidx-startup"
61-->src/main/AndroidManifest.xml:44:13-68
62            android:exported="false" >
62-->src/main/AndroidManifest.xml:45:13-37
63            <meta-data
63-->[androidx.emoji2:emoji2:1.3.0] AndroidManifest.xml:29:13-31:52
64                android:name="androidx.emoji2.text.EmojiCompatInitializer"
64-->[androidx.emoji2:emoji2:1.3.0] AndroidManifest.xml:30:17-75
65                android:value="androidx.startup" />
65-->[androidx.emoji2:emoji2:1.3.0] AndroidManifest.xml:31:17-49
66            <meta-data
66-->[androidx.lifecycle:lifecycle-process:2.7.0] AndroidManifest.xml:29:13-31:52
67                android:name="androidx.lifecycle.ProcessLifecycleInitializer"
67-->[androidx.lifecycle:lifecycle-process:2.7.0] AndroidManifest.xml:30:17-78
68                android:value="androidx.startup" />
68-->[androidx.lifecycle:lifecycle-process:2.7.0] AndroidManifest.xml:31:17-49
69            <meta-data
69-->[androidx.profileinstaller:profileinstaller:1.3.1] AndroidManifest.xml:29:13-31:52
70                android:name="androidx.profileinstaller.ProfileInstallerInitializer"
70-->[androidx.profileinstaller:profileinstaller:1.3.1] AndroidManifest.xml:30:17-85
71                android:value="androidx.startup" />
71-->[androidx.profileinstaller:profileinstaller:1.3.1] AndroidManifest.xml:31:17-49
72        </provider>
73
74        <service
74-->[androidx.work:work-runtime:2.9.0] AndroidManifest.xml:39:9-45:35
75            android:name="androidx.work.impl.background.systemalarm.SystemAlarmService"
75-->[androidx.work:work-runtime:2.9.0] AndroidManifest.xml:40:13-88
76            android:directBootAware="false"
76-->[androidx.work:work-runtime:2.9.0] AndroidManifest.xml:41:13-44
77            android:enabled="@bool/enable_system_alarm_service_default"
77-->[androidx.work:work-runtime:2.9.0] AndroidManifest.xml:42:13-72
78            android:exported="false" />
78-->[androidx.work:work-runtime:2.9.0] AndroidManifest.xml:43:13-37
79        <service
79-->[androidx.work:work-runtime:2.9.0] AndroidManifest.xml:46:9-52:35
80            android:name="androidx.work.impl.background.systemjob.SystemJobService"
80-->[androidx.work:work-runtime:2.9.0] AndroidManifest.xml:47:13-84
81            android:directBootAware="false"
81-->[androidx.work:work-runtime:2.9.0] AndroidManifest.xml:48:13-44
82            android:enabled="@bool/enable_system_job_service_default"
82-->[androidx.work:work-runtime:2.9.0] AndroidManifest.xml:49:13-70
83            android:exported="true"
83-->[androidx.work:work-runtime:2.9.0] AndroidManifest.xml:50:13-36
84            android:permission="android.permission.BIND_JOB_SERVICE" />
84-->[androidx.work:work-runtime:2.9.0] AndroidManifest.xml:51:13-69
85
86        <receiver
86-->[androidx.work:work-runtime:2.9.0] AndroidManifest.xml:61:9-66:35
87            android:name="androidx.work.impl.utils.ForceStopRunnable$BroadcastReceiver"
87-->[androidx.work:work-runtime:2.9.0] AndroidManifest.xml:62:13-88
88            android:directBootAware="false"
88-->[androidx.work:work-runtime:2.9.0] AndroidManifest.xml:63:13-44
89            android:enabled="true"
89-->[androidx.work:work-runtime:2.9.0] AndroidManifest.xml:64:13-35
90            android:exported="false" />
90-->[androidx.work:work-runtime:2.9.0] AndroidManifest.xml:65:13-37
91        <receiver
91-->[androidx.work:work-runtime:2.9.0] AndroidManifest.xml:67:9-77:20
92            android:name="androidx.work.impl.background.systemalarm.ConstraintProxy$BatteryChargingProxy"
92-->[androidx.work:work-runtime:2.9.0] AndroidManifest.xml:68:13-106
93            android:directBootAware="false"
93-->[androidx.work:work-runtime:2.9.0] AndroidManifest.xml:69:13-44
94            android:enabled="false"
94-->[androidx.work:work-runtime:2.9.0] AndroidManifest.xml:70:13-36
95            android:exported="false" >
95-->[androidx.work:work-runtime:2.9.0] AndroidManifest.xml:71:13-37
96            <intent-filter>
96-->[androidx.work:work-runtime:2.9.0] AndroidManifest.xml:73:13-76:29
97                <action android:name="android.intent.action.ACTION_POWER_CONNECTED" />
97-->[androidx.work:work-runtime:2.9.0] AndroidManifest.xml:74:17-87
97-->[androidx.work:work-runtime:2.9.0] AndroidManifest.xml:74:25-84
98                <action android:name="android.intent.action.ACTION_POWER_DISCONNECTED" />
98-->[androidx.work:work-runtime:2.9.0] AndroidManifest.xml:75:17-90
98-->[androidx.work:work-runtime:2.9.0] AndroidManifest.xml:75:25-87
99            </intent-filter>
100        </receiver>
101        <receiver
101-->[androidx.work:work-runtime:2.9.0] AndroidManifest.xml:78:9-88:20
102            android:name="androidx.work.impl.background.systemalarm.ConstraintProxy$BatteryNotLowProxy"
102-->[androidx.work:work-runtime:2.9.0] AndroidManifest.xml:79:13-104
103            android:directBootAware="false"
103-->[androidx.work:work-runtime:2.9.0] AndroidManifest.xml:80:13-44
104            android:enabled="false"
104-->[androidx.work:work-runtime:2.9.0] AndroidManifest.xml:81:13-36
105            android:exported="false" >
105-->[androidx.work:work-runtime:2.9.0] AndroidManifest.xml:82:13-37
106            <intent-filter>
106-->[androidx.work:work-runtime:2.9.0] AndroidManifest.xml:84:13-87:29
107                <action android:name="android.intent.action.BATTERY_OKAY" />
107-->[androidx.work:work-runtime:2.9.0] AndroidManifest.xml:85:17-77
107-->[androidx.work:work-runtime:2.9.0] AndroidManifest.xml:85:25-74
108                <action android:name="android.intent.action.BATTERY_LOW" />
108-->[androidx.work:work-runtime:2.9.0] AndroidManifest.xml:86:17-76
108-->[androidx.work:work-runtime:2.9.0] AndroidManifest.xml:86:25-73
109            </intent-filter>
110        </receiver>
111        <receiver
111-->[androidx.work:work-runtime:2.9.0] AndroidManifest.xml:89:9-99:20
112            android:name="androidx.work.impl.background.systemalarm.ConstraintProxy$StorageNotLowProxy"
112-->[androidx.work:work-runtime:2.9.0] AndroidManifest.xml:90:13-104
113            android:directBootAware="false"
113-->[androidx.work:work-runtime:2.9.0] AndroidManifest.xml:91:13-44
114            android:enabled="false"
114-->[androidx.work:work-runtime:2.9.0] AndroidManifest.xml:92:13-36
115            android:exported="false" >
115-->[androidx.work:work-runtime:2.9.0] AndroidManifest.xml:93:13-37
116            <intent-filter>
116-->[androidx.work:work-runtime:2.9.0] AndroidManifest.xml:95:13-98:29
117                <action android:name="android.intent.action.DEVICE_STORAGE_LOW" />
117-->[androidx.work:work-runtime:2.9.0] AndroidManifest.xml:96:17-83
117-->[androidx.work:work-runtime:2.9.0] AndroidManifest.xml:96:25-80
118                <action android:name="android.intent.action.DEVICE_STORAGE_OK" />
118-->[androidx.work:work-runtime:2.9.0] AndroidManifest.xml:97:17-82
118-->[androidx.work:work-runtime:2.9.0] AndroidManifest.xml:97:25-79
119            </intent-filter>
120        </receiver>
121        <receiver
121-->[androidx.work:work-runtime:2.9.0] AndroidManifest.xml:100:9-109:20
122            android:name="androidx.work.impl.background.systemalarm.ConstraintProxy$NetworkStateProxy"
122-->[androidx.work:work-runtime:2.9.0] AndroidManifest.xml:101:13-103
123            android:directBootAware="false"
123-->[androidx.work:work-runtime:2.9.0] AndroidManifest.xml:102:13-44
124            android:enabled="false"
124-->[androidx.work:work-runtime:2.9.0] AndroidManifest.xml:103:13-36
125            android:exported="false" >
125-->[androidx.work:work-runtime:2.9.0] AndroidManifest.xml:104:13-37
126            <intent-filter>
126-->[androidx.work:work-runtime:2.9.0] AndroidManifest.xml:106:13-108:29
127                <action android:name="android.net.conn.CONNECTIVITY_CHANGE" />
127-->[androidx.work:work-runtime:2.9.0] AndroidManifest.xml:107:17-79
127-->[androidx.work:work-runtime:2.9.0] AndroidManifest.xml:107:25-76
128            </intent-filter>
129        </receiver>
130        <receiver
130-->[androidx.work:work-runtime:2.9.0] AndroidManifest.xml:110:9-121:20
131            android:name="androidx.work.impl.background.systemalarm.RescheduleReceiver"
131-->[androidx.work:work-runtime:2.9.0] AndroidManifest.xml:111:13-88
132            android:directBootAware="false"
132-->[androidx.work:work-runtime:2.9.0] AndroidManifest.xml:112:13-44
133            android:enabled="false"
133-->[androidx.work:work-runtime:2.9.0] AndroidManifest.xml:113:13-36
134            android:exported="false" >
134-->[androidx.work:work-runtime:2.9.0] AndroidManifest.xml:114:13-37
135            <intent-filter>
135-->[androidx.work:work-runtime:2.9.0] AndroidManifest.xml:116:13-120:29
136                <action android:name="android.intent.action.BOOT_COMPLETED" />
136-->[androidx.work:work-runtime:2.9.0] AndroidManifest.xml:117:17-79
136-->[androidx.work:work-runtime:2.9.0] AndroidManifest.xml:117:25-76
137                <action android:name="android.intent.action.TIME_SET" />
137-->[androidx.work:work-runtime:2.9.0] AndroidManifest.xml:118:17-73
137-->[androidx.work:work-runtime:2.9.0] AndroidManifest.xml:118:25-70
138                <action android:name="android.intent.action.TIMEZONE_CHANGED" />
138-->[androidx.work:work-runtime:2.9.0] AndroidManifest.xml:119:17-81
138-->[androidx.work:work-runtime:2.9.0] AndroidManifest.xml:119:25-78
139            </intent-filter>
140        </receiver>
141        <receiver
141-->[androidx.work:work-runtime:2.9.0] AndroidManifest.xml:122:9-131:20
142            android:name="androidx.work.impl.background.systemalarm.ConstraintProxyUpdateReceiver"
142-->[androidx.work:work-runtime:2.9.0] AndroidManifest.xml:123:13-99
143            android:directBootAware="false"
143-->[androidx.work:work-runtime:2.9.0] AndroidManifest.xml:124:13-44
144            android:enabled="@bool/enable_system_alarm_service_default"
144-->[androidx.work:work-runtime:2.9.0] AndroidManifest.xml:125:13-72
145            android:exported="false" >
145-->[androidx.work:work-runtime:2.9.0] AndroidManifest.xml:126:13-37
146            <intent-filter>
146-->[androidx.work:work-runtime:2.9.0] AndroidManifest.xml:128:13-130:29
147                <action android:name="androidx.work.impl.background.systemalarm.UpdateProxies" />
147-->[androidx.work:work-runtime:2.9.0] AndroidManifest.xml:129:17-98
147-->[androidx.work:work-runtime:2.9.0] AndroidManifest.xml:129:25-95
148            </intent-filter>
149        </receiver>
150        <receiver
150-->[androidx.work:work-runtime:2.9.0] AndroidManifest.xml:132:9-142:20
151            android:name="androidx.work.impl.diagnostics.DiagnosticsReceiver"
151-->[androidx.work:work-runtime:2.9.0] AndroidManifest.xml:133:13-78
152            android:directBootAware="false"
152-->[androidx.work:work-runtime:2.9.0] AndroidManifest.xml:134:13-44
153            android:enabled="true"
153-->[androidx.work:work-runtime:2.9.0] AndroidManifest.xml:135:13-35
154            android:exported="true"
154-->[androidx.work:work-runtime:2.9.0] AndroidManifest.xml:136:13-36
155            android:permission="android.permission.DUMP" >
155-->[androidx.work:work-runtime:2.9.0] AndroidManifest.xml:137:13-57
156            <intent-filter>
156-->[androidx.work:work-runtime:2.9.0] AndroidManifest.xml:139:13-141:29
157                <action android:name="androidx.work.diagnostics.REQUEST_DIAGNOSTICS" />
157-->[androidx.work:work-runtime:2.9.0] AndroidManifest.xml:140:17-88
157-->[androidx.work:work-runtime:2.9.0] AndroidManifest.xml:140:25-85
158            </intent-filter>
159        </receiver>
160
161        <activity
161-->[androidx.compose.ui:ui-tooling-android:1.6.1] AndroidManifest.xml:23:9-25:39
162            android:name="androidx.compose.ui.tooling.PreviewActivity"
162-->[androidx.compose.ui:ui-tooling-android:1.6.1] AndroidManifest.xml:24:13-71
163            android:exported="true" />
163-->[androidx.compose.ui:ui-tooling-android:1.6.1] AndroidManifest.xml:25:13-36
164
165        <service
165-->[androidx.room:room-runtime:2.6.1] AndroidManifest.xml:24:9-28:63
166            android:name="androidx.room.MultiInstanceInvalidationService"
166-->[androidx.room:room-runtime:2.6.1] AndroidManifest.xml:25:13-74
167            android:directBootAware="true"
167-->[androidx.room:room-runtime:2.6.1] AndroidManifest.xml:26:13-43
168            android:exported="false" />
168-->[androidx.room:room-runtime:2.6.1] AndroidManifest.xml:27:13-37
169
170        <receiver
170-->[androidx.profileinstaller:profileinstaller:1.3.1] AndroidManifest.xml:34:9-52:20
171            android:name="androidx.profileinstaller.ProfileInstallReceiver"
171-->[androidx.profileinstaller:profileinstaller:1.3.1] AndroidManifest.xml:35:13-76
172            android:directBootAware="false"
172-->[androidx.profileinstaller:profileinstaller:1.3.1] AndroidManifest.xml:36:13-44
173            android:enabled="true"
173-->[androidx.profileinstaller:profileinstaller:1.3.1] AndroidManifest.xml:37:13-35
174            android:exported="true"
174-->[androidx.profileinstaller:profileinstaller:1.3.1] AndroidManifest.xml:38:13-36
175            android:permission="android.permission.DUMP" >
175-->[androidx.profileinstaller:profileinstaller:1.3.1] AndroidManifest.xml:39:13-57
176            <intent-filter>
176-->[androidx.profileinstaller:profileinstaller:1.3.1] AndroidManifest.xml:40:13-42:29
177                <action android:name="androidx.profileinstaller.action.INSTALL_PROFILE" />
177-->[androidx.profileinstaller:profileinstaller:1.3.1] AndroidManifest.xml:41:17-91
177-->[androidx.profileinstaller:profileinstaller:1.3.1] AndroidManifest.xml:41:25-88
178            </intent-filter>
179            <intent-filter>
179-->[androidx.profileinstaller:profileinstaller:1.3.1] AndroidManifest.xml:43:13-45:29
180                <action android:name="androidx.profileinstaller.action.SKIP_FILE" />
180-->[androidx.profileinstaller:profileinstaller:1.3.1] AndroidManifest.xml:44:17-85
180-->[androidx.profileinstaller:profileinstaller:1.3.1] AndroidManifest.xml:44:25-82
181            </intent-filter>
182            <intent-filter>
182-->[androidx.profileinstaller:profileinstaller:1.3.1] AndroidManifest.xml:46:13-48:29
183                <action android:name="androidx.profileinstaller.action.SAVE_PROFILE" />
183-->[androidx.profileinstaller:profileinstaller:1.3.1] AndroidManifest.xml:47:17-88
183-->[androidx.profileinstaller:profileinstaller:1.3.1] AndroidManifest.xml:47:25-85
184            </intent-filter>
185            <intent-filter>
185-->[androidx.profileinstaller:profileinstaller:1.3.1] AndroidManifest.xml:49:13-51:29
186                <action android:name="androidx.profileinstaller.action.BENCHMARK_OPERATION" />
186-->[androidx.profileinstaller:profileinstaller:1.3.1] AndroidManifest.xml:50:17-95
186-->[androidx.profileinstaller:profileinstaller:1.3.1] AndroidManifest.xml:50:25-92
187            </intent-filter>
188        </receiver>
189    </application>
190
191</manifest>